2024-12-02 10:45:42,096 - INFO - Tabla 'temperature_data' asegurada.
2024-12-02 10:46:50,114 - INFO - Tabla 'temperature_data' asegurada.
2024-12-02 10:46:55,244 - INFO - Tabla 'temperature_data' asegurada.
2024-12-02 10:57:51,905 - INFO - Tabla 'temperature_data' asegurada.
2024-12-02 10:58:27,020 - INFO - Tabla 'temperature_data' asegurada.
2024-12-02 10:59:10,516 - WARNING - Fallo en la lectura del sensor en el pin 27.
2024-12-02 10:59:25,683 - INFO - Tabla 'temperature_data' asegurada.
2024-12-02 11:00:06,659 - WARNING - Fallo en la lectura del sensor en el pin 27.
2024-12-02 11:07:00,616 - INFO - Tabla 'temperature_data' asegurada.
2024-12-02 11:07:06,212 - INFO - Datos del sensor exterior insertados correctamente en Habitacion1.
2024-12-02 11:07:33,850 - INFO - Tabla 'temperature_data' asegurada.
2024-12-02 11:07:39,446 - INFO - Datos del sensor exterior insertados correctamente en Habitacion1.
2024-12-02 11:08:17,355 - WARNING - Fallo en la lectura del sensor en el pin 27.
2024-12-02 11:12:17,137 - WARNING - Fallo en la lectura del sensor en el pin 27.
2024-12-02 11:17:06,705 - WARNING - Fallo en la lectura del sensor en el pin 27. Reintentando...
2024-12-02 11:17:45,607 - WARNING - Fallo en la lectura del sensor en el pin 27. Reintentando...
2024-12-02 11:18:24,515 - WARNING - Fallo en la lectura del sensor en el pin 27. Reintentando...
2024-12-02 11:19:03,415 - WARNING - Fallo en la lectura del sensor en el pin 27. Reintentando...
2024-12-02 11:19:42,321 - WARNING - Fallo en la lectura del sensor en el pin 27. Reintentando...
2024-12-02 11:19:43,323 - ERROR - Fallo en la lectura del sensor en el pin 27 después de varios intentos.
